Iniciando respaldo de base de datos PostgreSQL...
Subiendo a Google Drive...
Limpiando respaldos locales antiguos (más de 7 días)...
¡Respaldo BD_Comisiones_2026-03-29_03-00.sql.gz completado y asegurado en la nube!
Iniciando respaldo de base de datos PostgreSQL...
Subiendo a Google Drive...
Limpiando respaldos locales antiguos (más de 7 días)...
¡Respaldo BD_Comisiones_2026-03-30_03-00.sql.gz completado y asegurado en la nube!
Iniciando respaldo de base de datos PostgreSQL...
Subiendo a Google Drive...
Limpiando respaldos locales antiguos (más de 7 días)...
¡Respaldo BD_Comisiones_2026-03-31_03-00.sql.gz completado y asegurado en la nube!
Iniciando respaldo de base de datos PostgreSQL...
Subiendo a Google Drive...
Limpiando respaldos locales antiguos (más de 7 días)...
¡Respaldo BD_Comisiones_2026-04-01_03-00.sql.gz completado y asegurado en la nube!
Iniciando respaldo de base de datos PostgreSQL...
Subiendo a Google Drive...
Limpiando respaldos locales antiguos (más de 7 días)...
¡Respaldo BD_Comisiones_2026-04-02_03-00.sql.gz completado y asegurado en la nube!
Iniciando respaldo de base de datos PostgreSQL...
Subiendo a Google Drive...
Limpiando respaldos locales antiguos (más de 7 días)...
¡Respaldo BD_Comisiones_2026-04-03_03-00.sql.gz completado y asegurado en la nube!
Iniciando respaldo de base de datos PostgreSQL...
Subiendo a Google Drive...
Limpiando respaldos locales antiguos (más de 7 días)...
¡Respaldo BD_Comisiones_2026-04-04_03-00.sql.gz completado y asegurado en la nube!
Iniciando respaldo de base de datos PostgreSQL...
Subiendo a Google Drive...
2026/04/05 03:00:03 CRITICAL: Failed to create file system for "respaldos:Backups_Ordenes_Comision": couldn't find root directory ID: Get "https://www.googleapis.com/drive/v3/files/root?alt=json&fields=id&prettyPrint=false&supportsAllDrives=true": couldn't fetch token: invalid_grant: maybe token expired? - try refreshing with "rclone config reconnect respaldos:"
Limpiando respaldos locales antiguos (más de 7 días)...
¡Respaldo BD_Comisiones_2026-04-05_03-00.sql.gz completado y asegurado en la nube!
Iniciando respaldo de base de datos PostgreSQL...
Subiendo a Google Drive...
2026/04/06 03:00:04 CRITICAL: Failed to create file system for "respaldos:Backups_Ordenes_Comision": couldn't find root directory ID: Get "https://www.googleapis.com/drive/v3/files/root?alt=json&fields=id&prettyPrint=false&supportsAllDrives=true": couldn't fetch token: invalid_grant: maybe token expired? - try refreshing with "rclone config reconnect respaldos:"
Limpiando respaldos locales antiguos (más de 7 días)...
¡Respaldo BD_Comisiones_2026-04-06_03-00.sql.gz completado y asegurado en la nube!
Iniciando respaldo de base de datos PostgreSQL...
Subiendo a Google Drive...
2026/04/07 03:00:03 CRITICAL: Failed to create file system for "respaldos:Backups_Ordenes_Comision": couldn't find root directory ID: Get "https://www.googleapis.com/drive/v3/files/root?alt=json&fields=id&prettyPrint=false&supportsAllDrives=true": couldn't fetch token: invalid_grant: maybe token expired? - try refreshing with "rclone config reconnect respaldos:"
Limpiando respaldos locales antiguos (más de 7 días)...
¡Respaldo BD_Comisiones_2026-04-07_03-00.sql.gz completado y asegurado en la nube!
Iniciando respaldo de base de datos PostgreSQL...
Subiendo a Google Drive...
2026/04/08 03:00:04 CRITICAL: Failed to create file system for "respaldos:Backups_Ordenes_Comision": couldn't find root directory ID: Get "https://www.googleapis.com/drive/v3/files/root?alt=json&fields=id&prettyPrint=false&supportsAllDrives=true": couldn't fetch token: invalid_grant: maybe token expired? - try refreshing with "rclone config reconnect respaldos:"
Limpiando respaldos locales antiguos (más de 7 días)...
¡Respaldo BD_Comisiones_2026-04-08_03-00.sql.gz completado y asegurado en la nube!
Iniciando respaldo de base de datos PostgreSQL...
Subiendo a Google Drive...
2026/04/09 03:00:03 CRITICAL: Failed to create file system for "respaldos:Backups_Ordenes_Comision": couldn't find root directory ID: Get "https://www.googleapis.com/drive/v3/files/root?alt=json&fields=id&prettyPrint=false&supportsAllDrives=true": couldn't fetch token: invalid_grant: maybe token expired? - try refreshing with "rclone config reconnect respaldos:"
Limpiando respaldos locales antiguos (más de 7 días)...
¡Respaldo BD_Comisiones_2026-04-09_03-00.sql.gz completado y asegurado en la nube!
Iniciando respaldo de base de datos PostgreSQL...
Subiendo a Google Drive...
2026/04/10 03:00:04 CRITICAL: Failed to create file system for "respaldos:Backups_Ordenes_Comision": couldn't find root directory ID: Get "https://www.googleapis.com/drive/v3/files/root?alt=json&fields=id&prettyPrint=false&supportsAllDrives=true": couldn't fetch token: invalid_grant: maybe token expired? - try refreshing with "rclone config reconnect respaldos:"
Limpiando respaldos locales antiguos (más de 7 días)...
¡Respaldo BD_Comisiones_2026-04-10_03-00.sql.gz completado y asegurado en la nube!
Iniciando respaldo de base de datos PostgreSQL...
Subiendo a Google Drive...
2026/04/11 03:00:03 CRITICAL: Failed to create file system for "respaldos:Backups_Ordenes_Comision": couldn't find root directory ID: Get "https://www.googleapis.com/drive/v3/files/root?alt=json&fields=id&prettyPrint=false&supportsAllDrives=true": couldn't fetch token: invalid_grant: maybe token expired? - try refreshing with "rclone config reconnect respaldos:"
Limpiando respaldos locales antiguos (más de 7 días)...
¡Respaldo BD_Comisiones_2026-04-11_03-00.sql.gz completado y asegurado en la nube!
Iniciando respaldo de base de datos PostgreSQL...
Subiendo a Google Drive...
2026/04/12 03:00:04 CRITICAL: Failed to create file system for "respaldos:Backups_Ordenes_Comision": couldn't find root directory ID: Get "https://www.googleapis.com/drive/v3/files/root?alt=json&fields=id&prettyPrint=false&supportsAllDrives=true": couldn't fetch token: invalid_grant: maybe token expired? - try refreshing with "rclone config reconnect respaldos:"
Limpiando respaldos locales antiguos (más de 7 días)...
¡Respaldo BD_Comisiones_2026-04-12_03-00.sql.gz completado y asegurado en la nube!
Iniciando respaldo de base de datos PostgreSQL...
Subiendo a Google Drive...
2026/04/13 03:00:04 CRITICAL: Failed to create file system for "respaldos:Backups_Ordenes_Comision": couldn't find root directory ID: Get "https://www.googleapis.com/drive/v3/files/root?alt=json&fields=id&prettyPrint=false&supportsAllDrives=true": couldn't fetch token: invalid_grant: maybe token expired? - try refreshing with "rclone config reconnect respaldos:"
Limpiando respaldos locales antiguos (más de 7 días)...
¡Respaldo BD_Comisiones_2026-04-13_03-00.sql.gz completado y asegurado en la nube!
Iniciando respaldo de base de datos PostgreSQL...
Subiendo a Google Drive...
2026/04/14 03:00:04 CRITICAL: Failed to create file system for "respaldos:Backups_Ordenes_Comision": couldn't find root directory ID: Get "https://www.googleapis.com/drive/v3/files/root?alt=json&fields=id&prettyPrint=false&supportsAllDrives=true": couldn't fetch token: invalid_grant: maybe token expired? - try refreshing with "rclone config reconnect respaldos:"
Limpiando respaldos locales antiguos (más de 7 días)...
¡Respaldo BD_Comisiones_2026-04-14_03-00.sql.gz completado y asegurado en la nube!
Iniciando respaldo de base de datos PostgreSQL...
Subiendo a Google Drive...
2026/04/15 03:00:05 CRITICAL: Failed to create file system for "respaldos:Backups_Ordenes_Comision": couldn't find root directory ID: Get "https://www.googleapis.com/drive/v3/files/root?alt=json&fields=id&prettyPrint=false&supportsAllDrives=true": couldn't fetch token: invalid_grant: maybe token expired? - try refreshing with "rclone config reconnect respaldos:"
Limpiando respaldos locales antiguos (más de 7 días)...
¡Respaldo BD_Comisiones_2026-04-15_03-00.sql.gz completado y asegurado en la nube!
Iniciando respaldo de base de datos PostgreSQL...
Subiendo a Google Drive...
2026/04/16 03:00:05 CRITICAL: Failed to create file system for "respaldos:Backups_Ordenes_Comision": couldn't find root directory ID: Get "https://www.googleapis.com/drive/v3/files/root?alt=json&fields=id&prettyPrint=false&supportsAllDrives=true": couldn't fetch token: invalid_grant: maybe token expired? - try refreshing with "rclone config reconnect respaldos:"
Limpiando respaldos locales antiguos (más de 7 días)...
¡Respaldo BD_Comisiones_2026-04-16_03-00.sql.gz completado y asegurado en la nube!
Iniciando respaldo de base de datos PostgreSQL...
Subiendo a Google Drive...
2026/04/17 03:00:04 CRITICAL: Failed to create file system for "respaldos:Backups_Ordenes_Comision": couldn't find root directory ID: Get "https://www.googleapis.com/drive/v3/files/root?alt=json&fields=id&prettyPrint=false&supportsAllDrives=true": couldn't fetch token: invalid_grant: maybe token expired? - try refreshing with "rclone config reconnect respaldos:"
Limpiando respaldos locales antiguos (más de 7 días)...
¡Respaldo BD_Comisiones_2026-04-17_03-00.sql.gz completado y asegurado en la nube!
Iniciando respaldo de base de datos PostgreSQL...
Subiendo a Google Drive...
2026/04/18 03:00:06 CRITICAL: Failed to create file system for "respaldos:Backups_Ordenes_Comision": couldn't find root directory ID: Get "https://www.googleapis.com/drive/v3/files/root?alt=json&fields=id&prettyPrint=false&supportsAllDrives=true": couldn't fetch token: invalid_grant: maybe token expired? - try refreshing with "rclone config reconnect respaldos:"
Limpiando respaldos locales antiguos (más de 7 días)...
¡Respaldo BD_Comisiones_2026-04-18_03-00.sql.gz completado y asegurado en la nube!
Iniciando respaldo de base de datos PostgreSQL...
Subiendo a Google Drive...
2026/04/19 03:00:04 CRITICAL: Failed to create file system for "respaldos:Backups_Ordenes_Comision": couldn't find root directory ID: Get "https://www.googleapis.com/drive/v3/files/root?alt=json&fields=id&prettyPrint=false&supportsAllDrives=true": couldn't fetch token: invalid_grant: maybe token expired? - try refreshing with "rclone config reconnect respaldos:"
Limpiando respaldos locales antiguos (más de 7 días)...
¡Respaldo BD_Comisiones_2026-04-19_03-00.sql.gz completado y asegurado en la nube!
Iniciando respaldo de base de datos PostgreSQL...
Subiendo a Google Drive...
2026/04/20 03:00:04 CRITICAL: Failed to create file system for "respaldos:Backups_Ordenes_Comision": couldn't find root directory ID: Get "https://www.googleapis.com/drive/v3/files/root?alt=json&fields=id&prettyPrint=false&supportsAllDrives=true": couldn't fetch token: invalid_grant: maybe token expired? - try refreshing with "rclone config reconnect respaldos:"
Limpiando respaldos locales antiguos (más de 7 días)...
¡Respaldo BD_Comisiones_2026-04-20_03-00.sql.gz completado y asegurado en la nube!
Iniciando respaldo de base de datos PostgreSQL...
Subiendo a Google Drive...
2026/04/21 03:00:05 CRITICAL: Failed to create file system for "respaldos:Backups_Ordenes_Comision": couldn't find root directory ID: Get "https://www.googleapis.com/drive/v3/files/root?alt=json&fields=id&prettyPrint=false&supportsAllDrives=true": couldn't fetch token: invalid_grant: maybe token expired? - try refreshing with "rclone config reconnect respaldos:"
Limpiando respaldos locales antiguos (más de 7 días)...
¡Respaldo BD_Comisiones_2026-04-21_03-00.sql.gz completado y asegurado en la nube!
Iniciando respaldo de base de datos PostgreSQL...
Subiendo a Google Drive...
2026/04/22 03:00:04 CRITICAL: Failed to create file system for "respaldos:Backups_Ordenes_Comision": couldn't find root directory ID: Get "https://www.googleapis.com/drive/v3/files/root?alt=json&fields=id&prettyPrint=false&supportsAllDrives=true": couldn't fetch token: invalid_grant: maybe token expired? - try refreshing with "rclone config reconnect respaldos:"
Limpiando respaldos locales antiguos (más de 7 días)...
¡Respaldo BD_Comisiones_2026-04-22_03-00.sql.gz completado y asegurado en la nube!
Iniciando respaldo de base de datos PostgreSQL...
Subiendo a Google Drive...
2026/04/23 03:00:05 CRITICAL: Failed to create file system for "respaldos:Backups_Ordenes_Comision": couldn't find root directory ID: Get "https://www.googleapis.com/drive/v3/files/root?alt=json&fields=id&prettyPrint=false&supportsAllDrives=true": couldn't fetch token: invalid_grant: maybe token expired? - try refreshing with "rclone config reconnect respaldos:"
Limpiando respaldos locales antiguos (más de 7 días)...
¡Respaldo BD_Comisiones_2026-04-23_03-00.sql.gz completado y asegurado en la nube!
Iniciando respaldo de base de datos PostgreSQL...
Subiendo a Google Drive...
2026/04/24 03:00:03 CRITICAL: Failed to create file system for "respaldos:Backups_Ordenes_Comision": couldn't find root directory ID: Get "https://www.googleapis.com/drive/v3/files/root?alt=json&fields=id&prettyPrint=false&supportsAllDrives=true": couldn't fetch token: invalid_grant: maybe token expired? - try refreshing with "rclone config reconnect respaldos:"
Limpiando respaldos locales antiguos (más de 7 días)...
¡Respaldo BD_Comisiones_2026-04-24_03-00.sql.gz completado y asegurado en la nube!
